<?xml version="1.0" encoding="UTF-8"?>
<!-- Generated by org.testng.reporters.JUnitReportReporter -->
<testsuite hostname="DESKTOP-R5R7T0T" failures="0" tests="1" name="RestAssured.TC001_GET_Request" time="4.789" errors="0" timestamp="2022-01-12T12:20:04 IST" skipped="0">
  <testcase classname="RestAssured.TC001_GET_Request" name="getweatherdetails" time="4.789"/>
  <system-out/>
</testsuite> <!-- RestAssured.TC001_GET_Request -->
