<?xml version="1.0" encoding="UTF-8"?>
<!-- Generated by org.testng.reporters.JUnitReportReporter -->
<testsuite hostname="DESKTOP-R5R7T0T" failures="0" tests="1" name="RestAssured.Demo4_GET_Request__PrintAllHeaders" time="6.668" errors="0" timestamp="2022-02-16T20:01:40 IST" skipped="0">
  <testcase classname="RestAssured.Demo4_GET_Request__PrintAllHeaders" name="googleMapTest" time="6.668"/>
  <system-out/>
</testsuite> <!-- RestAssured.Demo4_GET_Request__PrintAllHeaders -->
