<?xml version="1.0" encoding="UTF-8"?>
<!-- Generated by org.testng.reporters.JUnitReportReporter -->
<testsuite hostname="DESKTOP-R5R7T0T" failures="0" tests="1" name="RestAssured.TC004_GET_Request__PrintAllHeaders" time="4.036" errors="0" timestamp="2022-02-16T20:11:27 IST" skipped="0">
  <testcase classname="RestAssured.TC004_GET_Request__PrintAllHeaders" name="googleMapTest" time="4.036"/>
  <system-out/>
</testsuite> <!-- RestAssured.TC004_GET_Request__PrintAllHeaders -->
