<?xml version="1.0" encoding="UTF-8"?>
<!-- Generated by org.testng.reporters.JUnitReportReporter -->
<testsuite hostname="DESKTOP-R5R7T0T" failures="0" tests="1" name="RestAssured.TC003_GET_Request" time="3.922" errors="0" timestamp="2022-01-12T13:08:58 IST" skipped="0">
  <testcase classname="RestAssured.TC003_GET_Request" name="googleMapTest" time="3.922"/>
  <system-out/>
</testsuite> <!-- RestAssured.TC003_GET_Request -->
